<?xml version="1.0" encoding="UTF-8"?>
<!-- Generated by org.testng.reporters.JUnitReportReporter -->
<testsuite hostname="Soundarya" failures="0" tests="1" name="com.comcat.crm.contactTest.CreateContactWithOrgTest" time="18.593" errors="0" timestamp="2025-04-29T10:53:57 IST" skipped="0">
  <testcase classname="com.comcat.crm.contactTest.CreateContactWithOrgTest" name="createcontactWithOrg" time="18.593"/>
</testsuite> <!-- com.comcat.crm.contactTest.CreateContactWithOrgTest -->
