<?xml version="1.0" encoding="UTF-8"?>
<!-- Generated by org.testng.reporters.JUnitReportReporter -->
<testsuite hostname="Soundarya" failures="0" tests="1" name="com.comcat.crm.OrgTest.CreateOraganizationWithPhoneNumberTest" time="9.986" errors="0" timestamp="2025-04-28T13:27:34 IST" skipped="0">
  <testcase classname="com.comcat.crm.OrgTest.CreateOraganizationWithPhoneNumberTest" name="createOrg" time="9.986"/>
</testsuite> <!-- com.comcat.crm.OrgTest.CreateOraganizationWithPhoneNumberTest -->
