<?xml version="1.0" encoding="UTF-8"?>
<!-- Generated by org.testng.reporters.JUnitReportReporter -->
<testsuite hostname="Soundarya" failures="0" tests="1" name="com.comcat.crm.contactTest.CreateContact" time="11.447" errors="0" timestamp="2025-04-23T12:32:44 IST" skipped="0">
  <testcase classname="com.comcat.crm.contactTest.CreateContact" name="createContact" time="11.447"/>
</testsuite> <!-- com.comcat.crm.contactTest.CreateContact -->
