<?xml version="1.0" encoding="UTF-8"?>
<!-- Generated by org.testng.reporters.JUnitReportReporter -->
<testsuite hostname="Soundarya" failures="0" tests="1" name="com.comcat.crm.DocumentTest.createDocumentTest" time="14.284" errors="0" timestamp="2025-05-05T22:15:03 IST" skipped="0">
  <testcase classname="com.comcat.crm.DocumentTest.createDocumentTest" name="createLead" time="14.284"/>
</testsuite> <!-- com.comcat.crm.DocumentTest.createDocumentTest -->
