<?xml version="1.0" encoding="UTF-8"?>
<!-- Generated by org.testng.reporters.JUnitReportReporter -->
<testsuite hostname="Soundarya" failures="0" tests="1" name="com.comcat.crm.OrgTest.CreateOrganizationWithIndustryTest" time="9.905" errors="0" timestamp="2025-04-23T13:23:08 IST" skipped="0">
  <testcase classname="com.comcat.crm.OrgTest.CreateOrganizationWithIndustryTest" name="createOrg" time="9.905"/>
</testsuite> <!-- com.comcat.crm.OrgTest.CreateOrganizationWithIndustryTest -->
