<?xml version="1.0" encoding="UTF-8"?>
<!-- Generated by org.testng.reporters.JUnitReportReporter -->
<testsuite hostname="Soundarya" failures="0" tests="1" name="com.comcat.crm.Champ.createChampWithProduct" time="15.016" errors="0" timestamp="2025-04-24T12:37:14 IST" skipped="0">
  <testcase classname="com.comcat.crm.Champ.createChampWithProduct" name="createchampwithProduct" time="15.016"/>
</testsuite> <!-- com.comcat.crm.Champ.createChampWithProduct -->
