<?xml version="1.0" encoding="UTF-8"?>
<!-- Generated by org.testng.reporters.JUnitReportReporter -->
<testsuite hostname="Soundarya" failures="0" tests="1" name="com.comcat.crm.ProductTest.createProduct" time="9.555" errors="0" timestamp="2025-04-24T12:00:06 IST" skipped="0">
  <testcase classname="com.comcat.crm.ProductTest.createProduct" name="create_Product" time="9.555"/>
</testsuite> <!-- com.comcat.crm.ProductTest.createProduct -->
