<?xml version="1.0" encoding="UTF-8"?>
<!-- Generated by org.testng.reporters.JUnitReportReporter -->
<testsuite hostname="Soundarya" failures="0" tests="1" name="com.comcat.crm.LeadTest.CreateLeadTest" time="19.938" errors="0" timestamp="2025-05-05T21:26:07 IST" skipped="0">
  <testcase classname="com.comcat.crm.LeadTest.CreateLeadTest" name="createLead" time="19.938"/>
</testsuite> <!-- com.comcat.crm.LeadTest.CreateLeadTest -->
