<?xml version="1.0" encoding="UTF-8"?>
<!-- Generated by org.testng.reporters.JUnitReportReporter -->
<testsuite hostname="Soundarya" failures="0" tests="1" name="com.comcat.crm.Champ.SalesOrder_Org_product_Opp_Champ_Test" time="58.729" errors="0" timestamp="2025-04-29T15:32:21 IST" skipped="0">
  <testcase classname="com.comcat.crm.Champ.SalesOrder_Org_product_Opp_Champ_Test" name="end" time="58.729"/>
</testsuite> <!-- com.comcat.crm.Champ.SalesOrder_Org_product_Opp_Champ_Test -->
