<?xml version="1.0" encoding="UTF-8"?>
<!-- Generated by org.testng.reporters.JUnitReportReporter -->
<testsuite hostname="Soundarya" failures="0" tests="1" name="com.comcat.crm.TroubleTicketsTest.createTroubleTicketsTest" time="12.707" errors="0" timestamp="2025-05-05T21:40:49 IST" skipped="0">
  <testcase classname="com.comcat.crm.TroubleTicketsTest.createTroubleTicketsTest" name="createLead" time="12.707"/>
</testsuite> <!-- com.comcat.crm.TroubleTicketsTest.createTroubleTicketsTest -->
