<?xml version="1.0" encoding="UTF-8"?>
<!-- Generated by org.testng.reporters.JUnitReportReporter -->
<testsuite hostname="Soundarya" failures="0" tests="1" name="com.comcat.crm.Champ.CreateChamp" time="26.262" errors="0" timestamp="2025-04-24T23:47:49 IST" skipped="0">
  <testcase classname="com.comcat.crm.Champ.CreateChamp" name="options_" time="26.262"/>
</testsuite> <!-- com.comcat.crm.Champ.CreateChamp -->
