<?xml version="1.0" encoding="UTF-8"?>
<!-- Generated by org.testng.reporters.JUnitReportReporter -->
<testsuite hostname="Soundarya" failures="0" tests="1" name="com.comcat.crm.DocumentTest.CreateLead" time="9.692" errors="0" timestamp="2025-04-24T10:34:46 IST" skipped="0">
  <testcase classname="com.comcat.crm.DocumentTest.CreateLead" name="createLead" time="9.692"/>
</testsuite> <!-- com.comcat.crm.DocumentTest.CreateLead -->
