<?xml version="1.0" encoding="UTF-8"?>
<!-- Generated by org.testng.reporters.JUnitReportReporter -->
<testsuite hostname="Soundarya" failures="0" tests="1" name="com.comcat.crm.TroubleTicketsTest.MoreOptions" time="8.931" errors="0" timestamp="2025-04-24T11:31:29 IST" skipped="0">
  <testcase classname="com.comcat.crm.TroubleTicketsTest.MoreOptions" name="options_" time="8.931"/>
</testsuite> <!-- com.comcat.crm.TroubleTicketsTest.MoreOptions -->
