<?xml version="1.0" encoding="UTF-8"?>
<!-- Generated by org.testng.reporters.JUnitReportReporter -->
<testsuite hostname="Soundarya" failures="0" tests="1" name="com.comcat.crm.Champ.CreateChampWithClosedateTest" time="12.609" errors="0" timestamp="2025-05-05T22:25:43 IST" skipped="0">
  <testcase classname="com.comcat.crm.Champ.CreateChampWithClosedateTest" name="options_" time="12.609"/>
</testsuite> <!-- com.comcat.crm.Champ.CreateChampWithClosedateTest -->
