<?xml version="1.0" encoding="UTF-8"?>
<!-- Generated by org.testng.reporters.JUnitReportReporter -->
<testsuite hostname="Soundarya" failures="0" tests="1" name="com.comcat.crm.Champ.EndToEnd" time="59.941" errors="0" timestamp="2025-04-25T20:59:30 IST" skipped="0">
  <testcase classname="com.comcat.crm.Champ.EndToEnd" name="end" time="59.941"/>
</testsuite> <!-- com.comcat.crm.Champ.EndToEnd -->
