<?xml version="1.0" encoding="UTF-8"?>
<!-- Generated by org.testng.reporters.JUnitReportReporter -->
<testsuite hostname="Soundarya" failures="0" tests="1" name="com.comcat.crm.Champ.createChampWithProductTest" time="15.733" errors="0" timestamp="2025-04-29T12:51:03 IST" skipped="0">
  <testcase classname="com.comcat.crm.Champ.createChampWithProductTest" name="createchampwithProduct" time="15.733"/>
</testsuite> <!-- com.comcat.crm.Champ.createChampWithProductTest -->
