<?xml version="1.0" encoding="UTF-8"?>
<!-- Generated by org.testng.reporters.JUnitReportReporter -->
<testsuite hostname="Soundarya" failures="0" tests="6" name="com.comcat.crm.contactTest.CreateContactTest" time="134.478" errors="0" timestamp="2025-05-09T10:50:17 IST" skipped="0">
  <testcase classname="com.comcat.crm.contactTest.CreateContactTest" name="createContact" time="18.652"/>
  <testcase classname="com.comcat.crm.contactTest.CreateContactTest" name="createContactWithDate" time="17.818"/>
  <testcase classname="com.comcat.crm.contactTest.CreateContactTest" name="createcontactWithOrg" time="30.647"/>
  <testcase classname="com.comcat.crm.contactTest.CreateContactTest" name="createContact" time="21.165"/>
  <testcase classname="com.comcat.crm.contactTest.CreateContactTest" name="createContactWithDate" time="16.748"/>
  <testcase classname="com.comcat.crm.contactTest.CreateContactTest" name="createcontactWithOrg" time="29.448"/>
</testsuite> <!-- com.comcat.crm.contactTest.CreateContactTest -->
