<?xml version="1.0" encoding="UTF-8"?>
<!-- Generated by org.testng.reporters.JUnitReportReporter -->
<testsuite hostname="Soundarya" failures="0" tests="1" name="com.comcat.crm.contactTest.CreateContactWithSourceDateTest" time="11.550" errors="0" timestamp="2025-04-29T11:13:41 IST" skipped="0">
  <testcase classname="com.comcat.crm.contactTest.CreateContactWithSourceDateTest" name="createContact" time="11.550"/>
</testsuite> <!-- com.comcat.crm.contactTest.CreateContactWithSourceDateTest -->
