<?xml version="1.0" encoding="UTF-8"?>
<!-- Generated by org.testng.reporters.JUnitReportReporter -->
<testsuite hostname="Soundarya" failures="0" tests="6" name="com.comcat.crm.OrgTest.CreateOrganization__Test" time="113.313" errors="0" timestamp="2025-05-09T10:50:17 IST" skipped="0">
  <testcase classname="com.comcat.crm.OrgTest.CreateOrganization__Test" name="createOrg" time="19.023"/>
  <testcase classname="com.comcat.crm.OrgTest.CreateOrganization__Test" name="createOrgWithIndus_Type" time="17.743"/>
  <testcase classname="com.comcat.crm.OrgTest.CreateOrganization__Test" name="createOrgWithPhoneNumber" time="20.065"/>
  <testcase classname="com.comcat.crm.OrgTest.CreateOrganization__Test" name="createOrgWithIndus_Type" time="16.860"/>
  <testcase classname="com.comcat.crm.OrgTest.CreateOrganization__Test" name="createOrg" time="23.124"/>
  <testcase classname="com.comcat.crm.OrgTest.CreateOrganization__Test" name="createOrgWithPhoneNumber" time="16.498"/>
</testsuite> <!-- com.comcat.crm.OrgTest.CreateOrganization__Test -->
