<?xml version="1.0" encoding="UTF-8"?>
<!-- Generated by org.testng.reporters.JUnitReportReporter -->
<testsuite hostname="Soundarya" failures="0" tests="1" name="practise.SampleTest_ExtentReports" time="5.295" errors="0" timestamp="2025-05-08T15:31:41 IST" skipped="0">
  <testcase classname="practise.SampleTest_ExtentReports" name="createContactwithPhoneNUmber" time="5.295"/>
</testsuite> <!-- practise.SampleTest_ExtentReports -->
