<?xml version="1.0" encoding="UTF-8"?>
<!-- Generated by org.testng.reporters.JUnitReportReporter -->
<testsuite hostname="Soundarya" failures="0" tests="1" name="com.comcat.crm.OtherTest.CreateProjectTask" time="18.889" errors="0" timestamp="2025-05-05T22:09:01 IST" skipped="0">
  <testcase classname="com.comcat.crm.OtherTest.CreateProjectTask" name="createProjectTask_WithProject" time="18.889"/>
</testsuite> <!-- com.comcat.crm.OtherTest.CreateProjectTask -->
