<?xml version="1.0" encoding="UTF-8"?>
<!-- Generated by org.testng.reporters.JUnitReportReporter -->
<testsuite hostname="Soundarya" failures="0" tests="1" name="com.comcat.crm.contactTest.CreateContactWithOrg" time="15.019" errors="0" timestamp="2025-04-23T12:52:58 IST" skipped="0">
  <testcase classname="com.comcat.crm.contactTest.CreateContactWithOrg" name="createcontactWithOrg" time="15.019"/>
</testsuite> <!-- com.comcat.crm.contactTest.CreateContactWithOrg -->
