<?xml version="1.0" encoding="UTF-8"?>
<!-- Generated by org.testng.reporters.JUnitReportReporter -->
<testsuite hostname="Soundarya" failures="0" tests="1" name="com.comcat.crm.OrgTest.CreateOraganizationWithPhoneNumber" time="9.515" errors="0" timestamp="2025-04-23T13:24:28 IST" skipped="0">
  <testcase classname="com.comcat.crm.OrgTest.CreateOraganizationWithPhoneNumber" name="createOrg" time="9.515"/>
</testsuite> <!-- com.comcat.crm.OrgTest.CreateOraganizationWithPhoneNumber -->
