<?xml version="1.0" encoding="UTF-8"?>
<!-- Generated by org.testng.reporters.JUnitReportReporter -->
<testsuite hostname="Soundarya" failures="0" tests="1" name="com.comcat.crm.DocumentTest.createTroubleTickets" time="10.117" errors="0" timestamp="2025-04-24T10:43:06 IST" skipped="0">
  <testcase classname="com.comcat.crm.DocumentTest.createTroubleTickets" name="createLead" time="10.117"/>
</testsuite> <!-- com.comcat.crm.DocumentTest.createTroubleTickets -->
