<?xml version="1.0" encoding="UTF-8"?>
<!-- Generated by org.testng.reporters.JUnitReportReporter -->
<testsuite hostname="Soundarya" failures="0" tests="1" name="com.comcat.crm.contactTest.dat" time="0.068" errors="0" timestamp="2025-04-23T13:16:02 IST" skipped="0">
  <testcase classname="com.comcat.crm.contactTest.dat" name="getRequiredDateddMMyyyy" time="0.068"/>
</testsuite> <!-- com.comcat.crm.contactTest.dat -->
