<?xml version="1.0" encoding="UTF-8"?>
<!-- Generated by org.testng.reporters.JUnitReportReporter -->
<testsuite hostname="Soundarya" failures="0" tests="2" name="com.comcat.crm.contactTest.CreateContactTest" time="141.436" errors="0" timestamp="2025-05-21T15:38:37 IST" skipped="0">
  <testcase classname="com.comcat.crm.contactTest.CreateContactTest" name="createcontactWithOrg" time="84.503"/>
  <testcase classname="com.comcat.crm.contactTest.CreateContactTest" name="createContactWithDate" time="56.933"/>
</testsuite> <!-- com.comcat.crm.contactTest.CreateContactTest -->
